Flow report for DE0_CV
Tue Jan 17 09:41:25 2023
Quartus Prime Version 22.1std.0 Build 915 10/25/2022 SC Lite Edition


---------------------
; Table of Contents ;
---------------------
  1. Legal Notice
  2. Flow Summary
  3. Flow Settings
  4. Flow Non-Default Global Settings
  5. Flow Elapsed Time
  6. Flow OS Summary
  7. Flow Log
  8. Flow Messages
  9. Flow Suppressed Messages



----------------
; Legal Notice ;
----------------
Copyright (C) 2022  Intel Corporation. All rights reserved.
Your use of Intel Corporation's design tools, logic functions 
and other software and tools, and any partner logic 
functions, and any output files from any of the foregoing 
(including device programming or simulation files), and any 
associated documentation or information are expressly subject 
to the terms and conditions of the Intel Program License 
Subscription Agreement, the Intel Quartus Prime License Agreement,
the Intel FPGA IP License Agreement, or other applicable license
agreement, including, without limitation, that your use is for
the sole purpose of programming logic devices manufactured by
Intel and sold by Intel or its authorized distributors.  Please
refer to the applicable agreement for further details, at
https://fpgasoftware.intel.com/eula.



+----------------------------------------------------------------------------------+
; Flow Summary                                                                     ;
+---------------------------------+------------------------------------------------+
; Flow Status                     ; Successful - Tue Jan 17 09:41:25 2023          ;
; Quartus Prime Version           ; 22.1std.0 Build 915 10/25/2022 SC Lite Edition ;
; Revision Name                   ; DE0_CV                                         ;
; Top-level Entity Name           ; DE0_CV                                         ;
; Family                          ; Cyclone V                                      ;
; Device                          ; 5CEBA4F23C7                                    ;
; Timing Models                   ; Final                                          ;
; Logic utilization (in ALMs)     ; 12,557 / 18,480 ( 68 % )                       ;
; Total registers                 ; 1750                                           ;
; Total pins                      ; 67 / 224 ( 30 % )                              ;
; Total virtual pins              ; 0                                              ;
; Total block memory bits         ; 0 / 3,153,920 ( 0 % )                          ;
; Total DSP Blocks                ; 0 / 66 ( 0 % )                                 ;
; Total HSSI RX PCSs              ; 0                                              ;
; Total HSSI PMA RX Deserializers ; 0                                              ;
; Total HSSI TX PCSs              ; 0                                              ;
; Total HSSI PMA TX Serializers   ; 0                                              ;
; Total PLLs                      ; 1 / 4 ( 25 % )                                 ;
; Total DLLs                      ; 0 / 4 ( 0 % )                                  ;
+---------------------------------+------------------------------------------------+


+-----------------------------------------+
; Flow Settings                           ;
+-------------------+---------------------+
; Option            ; Setting             ;
+-------------------+---------------------+
; Start date & time ; 01/17/2023 09:38:28 ;
; Main task         ; Compilation         ;
; Revision Name     ; DE0_CV              ;
+-------------------+---------------------+


+-----------------------------------------------------------------------------------------------------------------------------------------------------+
; Flow Non-Default Global Settings                                                                                                                    ;
+-------------------------------------+----------------------------------------+--------------------+-------------+-----------------------------------+
; Assignment Name                     ; Value                                  ; Default Value      ; Entity Name ; Section Id                        ;
+-------------------------------------+----------------------------------------+--------------------+-------------+-----------------------------------+
; COMPILER_SIGNATURE_ID               ; 273184149017575.167393750806736        ; --                 ; --          ; --                                ;
; EDA_GENERATE_FUNCTIONAL_NETLIST     ; Off                                    ; --                 ; --          ; eda_board_design_timing           ;
; EDA_GENERATE_FUNCTIONAL_NETLIST     ; Off                                    ; --                 ; --          ; eda_board_design_boundary_scan    ;
; EDA_GENERATE_FUNCTIONAL_NETLIST     ; Off                                    ; --                 ; --          ; eda_board_design_signal_integrity ;
; EDA_GENERATE_FUNCTIONAL_NETLIST     ; Off                                    ; --                 ; --          ; eda_formal_verification           ;
; EDA_GENERATE_FUNCTIONAL_NETLIST     ; Off                                    ; --                 ; --          ; eda_board_design_symbol           ;
; MAX_CORE_JUNCTION_TEMP              ; 85                                     ; --                 ; --          ; --                                ;
; MIN_CORE_JUNCTION_TEMP              ; 0                                      ; --                 ; --          ; --                                ;
; MISC_FILE                           ; pll250.cmp                             ; --                 ; --          ; --                                ;
; MISC_FILE                           ; pll250_sim/pll250.vo                   ; --                 ; --          ; --                                ;
; NUM_PARALLEL_PROCESSORS             ; All                                    ; --                 ; --          ; --                                ;
; OPTIMIZE_HOLD_TIMING                ; Off                                    ; All Paths          ; --          ; --                                ;
; OPTIMIZE_MULTI_CORNER_TIMING        ; Off                                    ; On                 ; --          ; --                                ;
; OPTIMIZE_POWER_DURING_FITTING       ; Off                                    ; Normal compilation ; --          ; --                                ;
; OUTPUT_IO_TIMING_FAR_END_VMEAS      ; Half Signal Swing                      ; --                 ; --          ; --                                ;
; OUTPUT_IO_TIMING_FAR_END_VMEAS      ; Half Signal Swing                      ; --                 ; --          ; --                                ;
; OUTPUT_IO_TIMING_NEAR_END_VMEAS     ; Half Vccio                             ; --                 ; --          ; --                                ;
; OUTPUT_IO_TIMING_NEAR_END_VMEAS     ; Half Vccio                             ; --                 ; --          ; --                                ;
; PARTITION_COLOR                     ; -- (Not supported for targeted family) ; --                 ; --          ; Top                               ;
; PARTITION_FITTER_PRESERVATION_LEVEL ; -- (Not supported for targeted family) ; --                 ; --          ; Top                               ;
; PARTITION_NETLIST_TYPE              ; -- (Not supported for targeted family) ; --                 ; --          ; Top                               ;
; POWER_BOARD_THERMAL_MODEL           ; None (CONSERVATIVE)                    ; --                 ; --          ; --                                ;
; POWER_PRESET_COOLING_SOLUTION       ; 23 MM HEAT SINK WITH 200 LFPM AIRFLOW  ; --                 ; --          ; --                                ;
; REMOVE_DUPLICATE_REGISTERS          ; Off                                    ; On                 ; --          ; --                                ;
; SPD_FILE                            ; pll250.spd                             ; --                 ; --          ; --                                ;
; SYNTHESIS_ONLY_QIP                  ; On                                     ; --                 ; --          ; --                                ;
+-------------------------------------+----------------------------------------+--------------------+-------------+-----------------------------------+


+--------------------------------------------------------------------------------------------------------------------------+
; Flow Elapsed Time                                                                                                        ;
+----------------------+--------------+-------------------------+---------------------+------------------------------------+
; Module Name          ; Elapsed Time ; Average Processors Used ; Peak Virtual Memory ; Total CPU Time (on all processors) ;
+----------------------+--------------+-------------------------+---------------------+------------------------------------+
; Analysis & Synthesis ; 00:00:24     ; 1.7                     ; 5005 MB             ; 00:00:46                           ;
; Fitter               ; 00:02:13     ; 1.1                     ; 6392 MB             ; 00:05:05                           ;
; Assembler            ; 00:00:12     ; 1.0                     ; 4994 MB             ; 00:00:12                           ;
; Total                ; 00:02:49     ; --                      ; --                  ; 00:06:03                           ;
+----------------------+--------------+-------------------------+---------------------+------------------------------------+


+------------------------------------------------------------------------------------+
; Flow OS Summary                                                                    ;
+----------------------+------------------+------------+------------+----------------+
; Module Name          ; Machine Hostname ; OS Name    ; OS Version ; Processor type ;
+----------------------+------------------+------------+------------+----------------+
; Analysis & Synthesis ; LAPTOP-SC6B7OEB  ; Windows 10 ; 10.0       ; x86_64         ;
; Fitter               ; LAPTOP-SC6B7OEB  ; Windows 10 ; 10.0       ; x86_64         ;
; Assembler            ; LAPTOP-SC6B7OEB  ; Windows 10 ; 10.0       ; x86_64         ;
+----------------------+------------------+------------+------------+----------------+


------------
; Flow Log ;
------------
quartus_map --read_settings_files=on --write_settings_files=off DE0_CV -c DE0_CV
quartus_fit --read_settings_files=off --write_settings_files=off DE0_CV -c DE0_CV
quartus_asm --read_settings_files=off --write_settings_files=off DE0_CV -c DE0_CV



