Assembler report for DE0_CV
Thu Jun 22 13:15:41 2023
Quartus Prime Version 22.1std.1 Build 917 02/14/2023 SC Lite Edition


---------------------
; Table of Contents ;
---------------------
  1. Legal Notice
  2. Assembler Summary
  3. Assembler Settings
  4. Assembler Generated Files
  5. Assembler Device Options: C:/Users/Lenovo/Desktop/FPGA-Spy-Hardware-Delay/DE0_CV.sof
  6. Assembler Device Options: C:/Users/Lenovo/Desktop/FPGA-Spy-Hardware-Delay/DE0_CV.pof
  7. Assembler Messages



----------------
; Legal Notice ;
----------------
Copyright (C) 2023  Intel Corporation. All rights reserved.
Your use of Intel Corporation's design tools, logic functions 
and other software and tools, and any partner logic 
functions, and any output files from any of the foregoing 
(including device programming or simulation files), and any 
associated documentation or information are expressly subject 
to the terms and conditions of the Intel Program License 
Subscription Agreement, the Intel Quartus Prime License Agreement,
the Intel FPGA IP License Agreement, or other applicable license
agreement, including, without limitation, that your use is for
the sole purpose of programming logic devices manufactured by
Intel and sold by Intel or its authorized distributors.  Please
refer to the applicable agreement for further details, at
https://fpgasoftware.intel.com/eula.



+---------------------------------------------------------------+
; Assembler Summary                                             ;
+-----------------------+---------------------------------------+
; Assembler Status      ; Successful - Thu Jun 22 13:15:41 2023 ;
; Revision Name         ; DE0_CV                                ;
; Top-level Entity Name ; DE0_CV                                ;
; Family                ; Cyclone V                             ;
; Device                ; 5CEBA4F23C7                           ;
+-----------------------+---------------------------------------+


+----------------------------------+
; Assembler Settings               ;
+--------+---------+---------------+
; Option ; Setting ; Default Value ;
+--------+---------+---------------+


+------------------------------------------------------------+
; Assembler Generated Files                                  ;
+------------------------------------------------------------+
; File Name                                                  ;
+------------------------------------------------------------+
; C:/Users/Lenovo/Desktop/FPGA-Spy-Hardware-Delay/DE0_CV.sof ;
; C:/Users/Lenovo/Desktop/FPGA-Spy-Hardware-Delay/DE0_CV.pof ;
+------------------------------------------------------------+


+--------------------------------------------------------------------------------------+
; Assembler Device Options: C:/Users/Lenovo/Desktop/FPGA-Spy-Hardware-Delay/DE0_CV.sof ;
+----------------+---------------------------------------------------------------------+
; Option         ; Setting                                                             ;
+----------------+---------------------------------------------------------------------+
; JTAG usercode  ; 0x006B0175                                                          ;
; Checksum       ; 0x006B0175                                                          ;
+----------------+---------------------------------------------------------------------+


+--------------------------------------------------------------------------------------+
; Assembler Device Options: C:/Users/Lenovo/Desktop/FPGA-Spy-Hardware-Delay/DE0_CV.pof ;
+--------------------+-----------------------------------------------------------------+
; Option             ; Setting                                                         ;
+--------------------+-----------------------------------------------------------------+
; JTAG usercode      ; 0x00000000                                                      ;
; Checksum           ; 0xF4065F80                                                      ;
; Compression Ratio  ; 3                                                               ;
+--------------------+-----------------------------------------------------------------+


+--------------------+
; Assembler Messages ;
+--------------------+
Info: *******************************************************************
Info: Running Quartus Prime Assembler
    Info: Version 22.1std.1 Build 917 02/14/2023 SC Lite Edition
    Info: Processing started: Thu Jun 22 13:15:34 2023
Info: Command: quartus_asm --read_settings_files=off --write_settings_files=off DE0_CV -c DE0_CV
Info (115030): Assembler is generating device programming files
Info: Quartus Prime Assembler was successful. 0 errors, 0 warnings
    Info: Peak virtual memory: 4872 megabytes
    Info: Processing ended: Thu Jun 22 13:15:41 2023
    Info: Elapsed time: 00:00:07
    Info: Total CPU time (on all processors): 00:00:06


